<?xml version="1.0" encoding="UTF-8"?>
<!-- Generated by org.testng.reporters.JUnitReportReporter -->
<testsuite hostname="DESKTOP-CUMGC61" failures="0" tests="2" name="listener1.websites" time="17.369" errors="0" timestamp="2023-08-25T16:55:28 IST" skipped="0">
  <testcase classname="listener1.websites" name="flipkart" time="7.493"/>
  <testcase classname="listener1.websites" name="amazon" time="9.876"/>
</testsuite> <!-- listener1.websites -->
