<?xml version="1.0" encoding="UTF-8"?>
<!-- Generated by org.testng.reporters.JUnitReportReporter -->
<testsuite hostname="DESKTOP-CUMGC61" failures="0" tests="2" name="listenerinvoke.Test1" time="0.071" errors="0" timestamp="2023-08-25T11:15:58 IST" skipped="0">
  <testcase classname="listenerinvoke.Test1" name="test1" time="0.064"/>
  <testcase classname="listenerinvoke.Test1" name="test2" time="0.007"/>
</testsuite> <!-- listenerinvoke.Test1 -->
